#
# There is insufficient memory for the Java Runtime Environment to continue.
# Native memory allocation (mmap) failed to map 41418752 bytes for committing reserved memory.
# Possible reasons:
#   The system is out of physical RAM or swap space
#   In 32 bit mode, the process size limit was hit
# Possible solutions:
#   Reduce memory load on the system
#   Increase physical memory or swap space
#   Check if swap backing store is full
#   Use 64 bit Java on a 64 bit OS
#   Decrease Java heap size (-Xmx/-Xms)
#   Decrease number of Java threads
#   Decrease Java thread stack sizes (-Xss)
#   Set larger code cache with -XX:ReservedCodeCacheSize=
# This output file may be truncated or incomplete.
#
#  Out of Memory Error (os_linux.cpp:2798), pid=16741, tid=0x85dffb40
#
# JRE version: OpenJDK Runtime Environment (8.0_292-b10) (build 1.8.0_292-8u292-b10-0ubuntu1~16.04.1-b10)
# Java VM: OpenJDK Server VM (25.292-b10 mixed mode linux-x86 )
# Failed to write core dump. Core dumps have been disabled. To enable core dumping, try "ulimit -c unlimited" before starting Java again
#

---------------  T H R E A D  ---------------

Current thread (0x85e10400):  VMThread [stack: 0x85d7f000,0x85e00000] [id=16868]

Stack: [0x85d7f000,0x85e00000],  sp=0x85dfea40,  free space=510k
Native frames: (J=compiled Java code, j=interpreted, Vv=VM code, C=native code)
V  [libjvm.so+0x9935e4]
V  [libjvm.so+0x3bc566]
V  [libjvm.so+0x7eb440]
V  [libjvm.so+0x7e2b83]
V  [libjvm.so+0x85b3dc]
V  [libjvm.so+0x85c41b]
V  [libjvm.so+0x858c78]
V  [libjvm.so+0x859523]
V  [libjvm.so+0x811d35]
V  [libjvm.so+0x9951f9]
V  [libjvm.so+0x99b926]
V  [libjvm.so+0x998f5e]
V  [libjvm.so+0x999322]
V  [libjvm.so+0x99999b]
V  [libjvm.so+0x7e8525]
C  [libpthread.so.0+0x6295]  start_thread+0xe5

VM_Operation (0xb6aa56f4): ParallelGCFailedAllocation, mode: safepoint, requested by thread 0xb6908400


---------------  P R O C E S S  ---------------

Java Threads: ( => current thread )
  0x85e43400 JavaThread "Service Thread" daemon [_thread_blocked, id=16874, stack(0x8598a000,0x859db000)]
  0x85e38000 JavaThread "C1 CompilerThread1" daemon [_thread_blocked, id=16873, stack(0x859db000,0x85a5c000)]
  0x85e36400 JavaThread "C2 CompilerThread0" daemon [_thread_blocked, id=16872, stack(0x85a5c000,0x85add000)]
  0x85e33400 JavaThread "Signal Dispatcher" daemon [_thread_blocked, id=16871, stack(0x85add000,0x85b2e000)]
  0x85e18c00 JavaThread "Finalizer" daemon [_thread_blocked, id=16870, stack(0x85d2e000,0x85d7f000)]
  0x85e15c00 JavaThread "Reference Handler" daemon [_thread_blocked, id=16869, stack(0x87806000,0x87857000)]
  0xb6908400 JavaThread "main" [_thread_blocked, id=16865, stack(0xb6a57000,0xb6aa8000)]

Other Threads:
=>0x85e10400 VMThread [stack: 0x85d7f000,0x85e00000] [id=16868]
  0x85e44c00 WatcherThread [stack: 0x85909000,0x8598a000] [id=16875]

VM state:at safepoint (normal execution)

VM Mutex/Monitor currently owned by a thread:  ([mutex/lock_event])
[0xb6905b28] Threads_lock - owner thread: 0x85e10400
[0xb6905f38] Heap_lock - owner thread: 0xb6908400

Heap:
 PSYoungGen      total 68608K, used 5632K [0x9cc00000, 0xa1580000, 0xa7400000)
  eden space 62976K, 0% used [0x9cc00000,0x9cc00000,0xa0980000)
  from space 5632K, 100% used [0xa0980000,0xa0f00000,0xa0f00000)
  to   space 4608K, 0% used [0xa0f00000,0xa0f00000,0xa1380000)
 ParOldGen       total 22016K, used 9707K [0x87c00000, 0x89180000, 0x9cc00000)
  object space 22016K, 44% used [0x87c00000,0x8857aee8,0x89180000)
 Metaspace       used 11303K, capacity 11424K, committed 11544K, reserved 11568K

Card table byte_map: [0xa7408000,0xa7505000] byte_map_base: 0xa6fca000

Marking Bits: (ParMarkBitMap*) 0xb78ad7c0
 Begin Bits: [0x86740000, 0x86f20000)
 End Bits:   [0x86f20000, 0x87700000)

Polling page: 0xb7eba000

CodeCache: size=245760Kb used=7206Kb max_used=7206Kb free=238553Kb
 bounds [0xa78c5000, 0xa7fd5000, 0xb68c5000]
 total_blobs=2890 nmethods=2707 adapters=97
 compilation: enabled

Compilation events (10 events):
Event: 9,820 Thread 0x85e38000 2727       2       org.apache.maven.model.merge.ModelMerger::mergeDependency (82 bytes)
Event: 9,821 Thread 0x85e38000 nmethod 2727 0xa7fd00c8 code [0xa7fd0240, 0xa7fd04cc]
Event: 9,821 Thread 0x85e38000 2728       2       org.apache.maven.model.merge.ModelMerger::mergeDependency_GroupId (41 bytes)
Event: 9,821 Thread 0x85e38000 nmethod 2728 0xa7fd06c8 code [0xa7fd0800, 0xa7fd0a18]
Event: 9,821 Thread 0x85e38000 2729       2       org.apache.maven.model.merge.ModelMerger::mergeDependency_ArtifactId (41 bytes)
Event: 9,821 Thread 0x85e38000 nmethod 2729 0xa7fd0c08 code [0xa7fd0d40, 0xa7fd0f58]
Event: 9,821 Thread 0x85e38000 2730       2       org.apache.maven.model.merge.ModelMerger::mergeDependency_Version (41 bytes)
Event: 9,822 Thread 0x85e38000 nmethod 2730 0xa7fd1148 code [0xa7fd1280, 0xa7fd1498]
Event: 9,822 Thread 0x85e38000 2731       2       org.apache.maven.model.merge.ModelMerger::mergeDependency_Type (43 bytes)
Event: 9,822 Thread 0x85e38000 nmethod 2731 0xa7fd1688 code [0xa7fd17c0, 0xa7fd19d8]

GC Heap History (10 events):
Event: 2,699 GC heap after
Heap after GC invocations=4 (full 0):
 PSYoungGen      total 17664K, used 1278K [0x9cc00000, 0x9de80000, 0xa7400000)
  eden space 16384K, 0% used [0x9cc00000,0x9cc00000,0x9dc00000)
  from space 1280K, 99% used [0x9dd40000,0x9de7f820,0x9de80000)
  to   space 1280K, 0% used [0x9dc00000,0x9dc00000,0x9dd40000)
 ParOldGen       total 22016K, used 2965K [0x87c00000, 0x89180000, 0x9cc00000)
  object space 22016K, 13% used [0x87c00000,0x87ee55e0,0x89180000)
 Metaspace       used 5550K, capacity 5610K, committed 5656K, reserved 6448K
}
Event: 3,338 GC heap before
{Heap before GC invocations=5 (full 0):
 PSYoungGen      total 17664K, used 17662K [0x9cc00000, 0x9de80000, 0xa7400000)
  eden space 16384K, 100% used [0x9cc00000,0x9dc00000,0x9dc00000)
  from space 1280K, 99% used [0x9dd40000,0x9de7f820,0x9de80000)
  to   space 1280K, 0% used [0x9dc00000,0x9dc00000,0x9dd40000)
 ParOldGen       total 22016K, used 2965K [0x87c00000, 0x89180000, 0x9cc00000)
  object space 22016K, 13% used [0x87c00000,0x87ee55e0,0x89180000)
 Metaspace       used 6941K, capacity 7033K, committed 7064K, reserved 7472K
Event: 3,376 GC heap after
Heap after GC invocations=5 (full 0):
 PSYoungGen      total 17664K, used 1279K [0x9cc00000, 0x9f300000, 0xa7400000)
  eden space 16384K, 0% used [0x9cc00000,0x9cc00000,0x9dc00000)
  from space 1280K, 99% used [0x9dc00000,0x9dd3fed0,0x9dd40000)
  to   space 3584K, 0% used [0x9ef80000,0x9ef80000,0x9f300000)
 ParOldGen       total 22016K, used 5559K [0x87c00000, 0x89180000, 0x9cc00000)
  object space 22016K, 25% used [0x87c00000,0x8816df10,0x89180000)
 Metaspace       used 6941K, capacity 7033K, committed 7064K, reserved 7472K
}
Event: 3,879 GC heap before
{Heap before GC invocations=6 (full 0):
 PSYoungGen      total 17664K, used 17663K [0x9cc00000, 0x9f300000, 0xa7400000)
  eden space 16384K, 100% used [0x9cc00000,0x9dc00000,0x9dc00000)
  from space 1280K, 99% used [0x9dc00000,0x9dd3fed0,0x9dd40000)
  to   space 3584K, 0% used [0x9ef80000,0x9ef80000,0x9f300000)
 ParOldGen       total 22016K, used 5559K [0x87c00000, 0x89180000, 0x9cc00000)
  object space 22016K, 25% used [0x87c00000,0x8816df10,0x89180000)
 Metaspace       used 8265K, capacity 8316K, committed 8344K, reserved 8496K
Event: 3,907 GC heap after
Heap after GC invocations=6 (full 0):
 PSYoungGen      total 35584K, used 3570K [0x9cc00000, 0x9f480000, 0xa7400000)
  eden space 32000K, 0% used [0x9cc00000,0x9cc00000,0x9eb40000)
  from space 3584K, 99% used [0x9ef80000,0x9f2fcab8,0x9f300000)
  to   space 4352K, 0% used [0x9eb40000,0x9eb40000,0x9ef80000)
 ParOldGen       total 22016K, used 5806K [0x87c00000, 0x89180000, 0x9cc00000)
  object space 22016K, 26% used [0x87c00000,0x881abad8,0x89180000)
 Metaspace       used 8265K, capacity 8316K, committed 8344K, reserved 8496K
}
Event: 5,435 GC heap before
{Heap before GC invocations=7 (full 0):
 PSYoungGen      total 35584K, used 35570K [0x9cc00000, 0x9f480000, 0xa7400000)
  eden space 32000K, 100% used [0x9cc00000,0x9eb40000,0x9eb40000)
  from space 3584K, 99% used [0x9ef80000,0x9f2fcab8,0x9f300000)
  to   space 4352K, 0% used [0x9eb40000,0x9eb40000,0x9ef80000)
 ParOldGen       total 22016K, used 5806K [0x87c00000, 0x89180000, 0x9cc00000)
  object space 22016K, 26% used [0x87c00000,0x881abad8,0x89180000)
 Metaspace       used 10152K, capacity 10235K, committed 10392K, reserved 10544K
Event: 5,473 GC heap after
Heap after GC invocations=7 (full 0):
 PSYoungGen      total 36352K, used 3671K [0x9cc00000, 0xa1380000, 0xa7400000)
  eden space 32000K, 0% used [0x9cc00000,0x9cc00000,0x9eb40000)
  from space 4352K, 84% used [0x9eb40000,0x9eed5e28,0x9ef80000)
  to   space 4608K, 0% used [0xa0f00000,0xa0f00000,0xa1380000)
 ParOldGen       total 22016K, used 6298K [0x87c00000, 0x89180000, 0x9cc00000)
  object space 22016K, 28% used [0x87c00000,0x88226820,0x89180000)
 Metaspace       used 10152K, capacity 10235K, committed 10392K, reserved 10544K
}
Event: 7,244 GC heap before
{Heap before GC invocations=8 (full 0):
 PSYoungGen      total 36352K, used 35671K [0x9cc00000, 0xa1380000, 0xa7400000)
  eden space 32000K, 100% used [0x9cc00000,0x9eb40000,0x9eb40000)
  from space 4352K, 84% used [0x9eb40000,0x9eed5e28,0x9ef80000)
  to   space 4608K, 0% used [0xa0f00000,0xa0f00000,0xa1380000)
 ParOldGen       total 22016K, used 6298K [0x87c00000, 0x89180000, 0x9cc00000)
  object space 22016K, 28% used [0x87c00000,0x88226820,0x89180000)
 Metaspace       used 11043K, capacity 11118K, committed 11288K, reserved 11568K
Event: 7,264 GC heap after
Heap after GC invocations=8 (full 0):
 PSYoungGen      total 67584K, used 4595K [0x9cc00000, 0xa1580000, 0xa7400000)
  eden space 62976K, 0% used [0x9cc00000,0x9cc00000,0xa0980000)
  from space 4608K, 99% used [0xa0f00000,0xa137cf00,0xa1380000)
  to   space 5632K, 0% used [0xa0980000,0xa0980000,0xa0f00000)
 ParOldGen       total 22016K, used 7413K [0x87c00000, 0x89180000, 0x9cc00000)
  object space 22016K, 33% used [0x87c00000,0x8833d538,0x89180000)
 Metaspace       used 11043K, capacity 11118K, committed 11288K, reserved 11568K
}
Event: 9,832 GC heap before
{Heap before GC invocations=9 (full 0):
 PSYoungGen      total 67584K, used 67571K [0x9cc00000, 0xa1580000, 0xa7400000)
  eden space 62976K, 100% used [0x9cc00000,0xa0980000,0xa0980000)
  from space 4608K, 99% used [0xa0f00000,0xa137cf00,0xa1380000)
  to   space 5632K, 0% used [0xa0980000,0xa0980000,0xa0f00000)
 ParOldGen       total 22016K, used 7413K [0x87c00000, 0x89180000, 0x9cc00000)
  object space 22016K, 33% used [0x87c00000,0x8833d538,0x89180000)
 Metaspace       used 11303K, capacity 11424K, committed 11544K, reserved 11568K

Deoptimization events (10 events):
Event: 5,878 Thread 0xb6908400 Uncommon trap: reason=unstable_if action=reinterpret pc=0xa7b593e4 method=java.util.HashMap.hash(Ljava/lang/Object;)I @ 1
Event: 5,878 Thread 0xb6908400 Uncommon trap: reason=unstable_if action=reinterpret pc=0xa7aca360 method=java.util.HashMap.hash(Ljava/lang/Object;)I @ 1
Event: 6,453 Thread 0xb6908400 Uncommon trap: reason=null_check action=make_not_entrant pc=0xa7e16a48 method=org.apache.maven.model.io.xpp3.MavenXpp3Reader.checkFieldWithDuplicate(Lorg/codehaus/plexus/util/xml/pull/XmlPullParser;Ljava/lang/String;Ljava/lang/String;Ljava/util/Set;)Z @ 2
Event: 6,745 Thread 0xb6908400 Uncommon trap: reason=unstable_if action=reinterpret pc=0xa7dc4b30 method=org.codehaus.plexus.util.xml.pull.MXParser.nextImpl()I @ 972
Event: 8,086 Thread 0xb6908400 Uncommon trap: reason=unstable_if action=reinterpret pc=0xa7e86838 method=org.codehaus.plexus.util.xml.pull.MXParser.nextImpl()I @ 280
Event: 8,099 Thread 0xb6908400 Uncommon trap: reason=bimorphic action=maybe_recompile pc=0xa7e2228c method=java.util.concurrent.ConcurrentHashMap.get(Ljava/lang/Object;)Ljava/lang/Object; @ 149
Event: 8,273 Thread 0xb6908400 Uncommon trap: reason=bimorphic action=maybe_recompile pc=0xa7e2228c method=java.util.concurrent.ConcurrentHashMap.get(Ljava/lang/Object;)Ljava/lang/Object; @ 149
Event: 8,282 Thread 0xb6908400 Uncommon trap: reason=bimorphic action=maybe_recompile pc=0xa7e2228c method=java.util.concurrent.ConcurrentHashMap.get(Ljava/lang/Object;)Ljava/lang/Object; @ 149
Event: 8,477 Thread 0xb6908400 Uncommon trap: reason=bimorphic action=maybe_recompile pc=0xa7e2228c method=java.util.concurrent.ConcurrentHashMap.get(Ljava/lang/Object;)Ljava/lang/Object; @ 149
Event: 8,810 Thread 0xb6908400 Uncommon trap: reason=unstable_if action=reinterpret pc=0xa7e90e68 method=java.util.LinkedHashMap.afterNodeInsertion(Z)V @ 18

Classes redefined (0 events):
No events

Internal exceptions (10 events):
Event: 4,377 Thread 0xb6908400 Exception <a 'java/lang/NoClassDefFoundError': javax/annotation/Priority> (0x9d6d7b90) thrown at [/build/openjdk-8-ThaGWC/openjdk-8-8u292-b10/src/hotspot/src/share/vm/classfile/systemDictionary.cpp, line 206]
Event: 5,358 Thread 0xb6908400 Exception <a 'java/lang/NullPointerException'> (0x9e94a580) thrown at [/build/openjdk-8-ThaGWC/openjdk-8-8u292-b10/src/hotspot/src/share/vm/interpreter/linkResolver.cpp, line 1185]
Event: 5,358 Thread 0xb6908400 Exception <a 'java/lang/NullPointerException'> (0x9e94a790) thrown at [/build/openjdk-8-ThaGWC/openjdk-8-8u292-b10/src/hotspot/src/share/vm/interpreter/linkResolver.cpp, line 1185]
Event: 5,358 Thread 0xb6908400 Exception <a 'java/lang/NullPointerException'> (0x9e94a9a0) thrown at [/build/openjdk-8-ThaGWC/openjdk-8-8u292-b10/src/hotspot/src/share/vm/interpreter/linkResolver.cpp, line 1185]
Event: 5,358 Thread 0xb6908400 Exception <a 'java/lang/NullPointerException'> (0x9e952688) thrown at [/build/openjdk-8-ThaGWC/openjdk-8-8u292-b10/src/hotspot/src/share/vm/interpreter/linkResolver.cpp, line 1185]
Event: 5,358 Thread 0xb6908400 Exception <a 'java/lang/NullPointerException'> (0x9e952898) thrown at [/build/openjdk-8-ThaGWC/openjdk-8-8u292-b10/src/hotspot/src/share/vm/interpreter/linkResolver.cpp, line 1185]
Event: 5,358 Thread 0xb6908400 Exception <a 'java/lang/NullPointerException'> (0x9e952aa8) thrown at [/build/openjdk-8-ThaGWC/openjdk-8-8u292-b10/src/hotspot/src/share/vm/interpreter/linkResolver.cpp, line 1185]
Event: 5,878 Thread 0xb6908400 Implicit null exception at 0xa7b5923e to 0xa7b593d5
Event: 5,878 Thread 0xb6908400 Implicit null exception at 0xa7aca30b to 0xa7aca350
Event: 6,453 Thread 0xb6908400 Implicit null exception at 0xa7e161b5 to 0xa7e16a3d

Events (10 events):
Event: 8,982 Executing VM operation: RevokeBias done
Event: 8,993 Thread 0xb6908400 DEOPT PACKING pc=0xa7e35c97 sp=0xb6aa5f80
Event: 8,993 Thread 0xb6908400 DEOPT UNPACKING pc=0xa790131a sp=0xb6aa5e20 mode 0
Event: 9,343 Thread 0xb6908400 DEOPT PACKING pc=0xa7d0ec95 sp=0xb6aa5400
Event: 9,343 Thread 0xb6908400 DEOPT UNPACKING pc=0xa790131a sp=0xb6aa52a0 mode 0
Event: 9,563 Thread 0xb6908400 DEOPT PACKING pc=0xa7d0ec95 sp=0xb6aa5190
Event: 9,563 Thread 0xb6908400 DEOPT UNPACKING pc=0xa790131a sp=0xb6aa5030 mode 0
Event: 9,591 Thread 0xb6908400 DEOPT PACKING pc=0xa7e68f15 sp=0xb6aa59e0
Event: 9,591 Thread 0xb6908400 DEOPT UNPACKING pc=0xa790131a sp=0xb6aa5874 mode 0
Event: 9,829 Executing VM operation: ParallelGCFailedAllocation


Dynamic libraries:
08048000-08049000 r-xp 00000000 08:01 422529     /usr/lib/jvm/java-8-openjdk-i386/jre/bin/java
08049000-0804a000 r--p 00000000 08:01 422529     /usr/lib/jvm/java-8-openjdk-i386/jre/bin/java
0804a000-0804b000 rw-p 00001000 08:01 422529     /usr/lib/jvm/java-8-openjdk-i386/jre/bin/java
08487000-08b73000 rw-p 00000000 00:00 0          [heap]
84400000-8443f000 rw-p 00000000 00:00 0 
8443f000-84500000 ---p 00000000 00:00 0 
84700000-84800000 rw-p 00000000 00:00 0 
84800000-84900000 rw-p 00000000 00:00 0 
84900000-84989000 rw-p 00000000 00:00 0 
84989000-84a00000 ---p 00000000 00:00 0 
84a00000-84aff000 rw-p 00000000 00:00 0 
84aff000-84b00000 ---p 00000000 00:00 0 
84b00000-84c00000 rw-p 00000000 00:00 0 
84c00000-84d00000 rw-p 00000000 00:00 0 
84d00000-84dfb000 rw-p 00000000 00:00 0 
84dfb000-84e00000 ---p 00000000 00:00 0 
84e00000-84f00000 rw-p 00000000 00:00 0 
84f00000-85000000 rw-p 00000000 00:00 0 
85000000-850ff000 rw-p 00000000 00:00 0 
850ff000-85100000 ---p 00000000 00:00 0 
85100000-851fe000 rw-p 00000000 00:00 0 
851fe000-85200000 ---p 00000000 00:00 0 
85200000-85300000 rw-p 00000000 00:00 0 
85300000-854fa000 rw-p 00000000 00:00 0 
854fa000-85500000 ---p 00000000 00:00 0 
85500000-855fe000 rw-p 00000000 00:00 0 
855fe000-85600000 ---p 00000000 00:00 0 
85600000-856fe000 rw-p 00000000 00:00 0 
856fe000-85700000 ---p 00000000 00:00 0 
85700000-857fe000 rw-p 00000000 00:00 0 
857fe000-85800000 ---p 00000000 00:00 0 
85814000-85825000 r--s 001bf000 08:01 415635     /usr/lib/jvm/java-8-openjdk-i386/jre/lib/jsse.jar
85825000-85856000 r--s 00207000 08:01 683154     /usr/share/java/wagon-http-shaded-2.x.jar
85856000-85858000 r--s 00027000 08:01 683174     /usr/share/java/maven3-model-3.3.9.jar
85858000-8585d000 r--s 00040000 08:01 682728     /usr/share/java/commons-lang-2.6.jar
8585d000-8585f000 r--s 0000a000 08:01 683151     /usr/share/java/wagon-provider-api-2.x.jar
8585f000-85860000 r--s 00006000 08:01 683171     /usr/share/java/maven3-repository-metadata-3.3.9.jar
85860000-85862000 r--s 00006000 08:01 683002     /usr/share/java/eclipse-aether-spi.jar
85862000-85863000 r--s 00008000 08:01 683000     /usr/share/java/eclipse-aether-connector-basic.jar
85863000-85864000 r--s 00002000 08:01 682921     /usr/share/java/slf4j-simple.jar
85864000-85872000 r--s 00095000 08:01 683021     /usr/share/java/guice.jar
85872000-85876000 r--s 00020000 08:01 683005     /usr/share/java/eclipse-aether-util.jar
85876000-8587d000 r--s 0005d000 08:01 682745     /usr/share/java/commons-lang3.jar
8587d000-8587f000 r--s 00001000 08:01 683016     /usr/share/java/aopalliance-1.0.jar
8587f000-85880000 r--s 00001000 08:01 683150     /usr/share/java/wagon-file-2.x.jar
85880000-85886000 r--s 00048000 08:01 682940     /usr/share/java/jsoup.jar
85886000-85888000 r--s 0000d000 08:01 683175     /usr/share/java/maven3-aether-provider-3.3.9.jar
85888000-8588a000 r--s 00002000 08:01 683088     /usr/share/java/plexus-cipher.jar
8588a000-85891000 r--s 00041000 08:01 683169     /usr/share/java/maven3-compat-3.3.9.jar
85891000-85893000 r--s 0000a000 08:01 683168     /usr/share/java/maven3-plugin-api-3.3.9.jar
85893000-85896000 r--s 0000a000 08:01 683178     /usr/share/java/maven3-artifact-3.3.9.jar
85896000-8589a000 r--s 00027000 08:01 682997     /usr/share/java/eclipse-aether-impl.jar
8589a000-8589c000 r--s 00000000 08:01 683138     /usr/share/java/plexus-component-annotations-1.5.jar
8589c000-858a1000 r--s 0001d000 08:01 683004     /usr/share/java/eclipse-aether-api.jar
858a1000-858a2000 r--s 00000000 08:01 682543     /usr/share/java/geronimo-interceptor-3.0-spec-1.0.1.jar
858a2000-858a4000 r--s 00012000 08:01 682559     /usr/share/java/el-api-3.0.jar
858a4000-858a5000 r--s 00000000 08:01 682508     /usr/share/java/atinject-jsr330-api-1.0.jar
858a5000-858a8000 r--s 00008000 08:01 682585     /usr/share/java/cdi-api-1.0.jar
858a8000-858b5000 r--s 0008d000 08:01 683170     /usr/share/java/maven3-core-3.3.9.jar
858b5000-858ba000 r--s 00025000 08:01 683172     /usr/share/java/maven3-model-builder-3.3.9.jar
858ba000-858bb000 r--s 00004000 08:01 682507     /usr/share/java/atinject-jsr330-tck-1.0.jar
858bb000-858c3000 r--s 00054000 08:01 683146     /usr/share/java/sisu-inject.jar
858c3000-858ef000 r--s 00208000 08:01 682944     /usr/share/java/guava.jar
858ef000-85906000 r-xp 00000000 08:01 422473     /usr/lib/jvm/java-8-openjdk-i386/jre/lib/i386/libnet.so
85906000-85907000 ---p 00017000 08:01 422473     /usr/lib/jvm/java-8-openjdk-i386/jre/lib/i386/libnet.so
85907000-85908000 r--p 00017000 08:01 422473     /usr/lib/jvm/java-8-openjdk-i386/jre/lib/i386/libnet.so
85908000-85909000 rw-p 00018000 08:01 422473     /usr/lib/jvm/java-8-openjdk-i386/jre/lib/i386/libnet.so
85909000-8590a000 ---p 00000000 00:00 0 
8590a000-8598a000 rw-p 00000000 00:00 0 
8598a000-8598d000 ---p 00000000 00:00 0 
8598d000-859db000 rw-p 00000000 00:00 0 
859db000-859de000 ---p 00000000 00:00 0 
859de000-85a5c000 rw-p 00000000 00:00 0 
85a5c000-85a5f000 ---p 00000000 00:00 0 
85a5f000-85add000 rw-p 00000000 00:00 0 
85add000-85ae0000 ---p 00000000 00:00 0 
85ae0000-85b2e000 rw-p 00000000 00:00 0 
85b2e000-85d2e000 r--p 00000000 08:01 391862     /usr/lib/locale/locale-archive
85d2e000-85d31000 ---p 00000000 00:00 0 
85d31000-85d7f000 rw-p 00000000 00:00 0 
85d7f000-85d80000 ---p 00000000 00:00 0 
85d80000-85e00000 rw-p 00000000 00:00 0 
85e00000-85f00000 rw-p 00000000 00:00 0 
85f00000-85f02000 r--s 0000a000 08:01 682634     /usr/share/java/commons-cli-1.3.1.jar
85f02000-85f04000 r--s 00001000 08:01 683177     /usr/share/java/maven3-builder-support-3.3.9.jar
85f04000-85f08000 r--s 00027000 08:01 682713     /usr/share/java/commons-io-2.4.jar
85f08000-85f0c000 r--s 00038000 08:01 683134     /usr/share/java/plexus-utils2.jar
85f0c000-85f0d000 r--s 00001000 08:01 683157     /usr/share/java/wagon-http-shared-2.x.jar
85f0d000-85f0f000 r--s 00013000 08:01 683173     /usr/share/java/maven3-embedder-3.3.9.jar
85f0f000-85f11000 r--s 0000e000 08:01 682903     /usr/share/java/plexus-interpolation.jar
85f11000-85f18000 r--s 0002c000 08:01 683148     /usr/share/java/sisu-plexus.jar
85f18000-85f29000 r-xp 00000000 08:01 422469     /usr/lib/jvm/java-8-openjdk-i386/jre/lib/i386/libnio.so
85f29000-85f2a000 r--p 00010000 08:01 422469     /usr/lib/jvm/java-8-openjdk-i386/jre/lib/i386/libnio.so
85f2a000-85f2b000 rw-p 00011000 08:01 422469     /usr/lib/jvm/java-8-openjdk-i386/jre/lib/i386/libnio.so
85f2b000-860fc000 r--s 03ca5000 08:01 415746     /usr/lib/jvm/java-8-openjdk-i386/jre/lib/rt.jar
860fc000-86542000 rw-p 00000000 00:00 0 
86542000-86548000 ---p 00000000 00:00 0 
86548000-87700000 rw-p 00000000 00:00 0 
87700000-87800000 rw-p 00000000 00:00 0 
87800000-87801000 r--s 0000a000 08:01 683167     /usr/share/java/maven3-settings-3.3.9.jar
87801000-87803000 r--s 00005000 08:01 683003     /usr/share/java/eclipse-aether-transport-wagon.jar
87803000-87804000 r--s 00006000 08:01 683090     /usr/share/java/plexus-sec-dispatcher.jar
87804000-87806000 r--s 00007000 08:01 682924     /usr/share/java/slf4j-api.jar
87806000-87809000 ---p 00000000 00:00 0 
87809000-87900000 rw-p 00000000 00:00 0 
87900000-87921000 rw-p 00000000 00:00 0 
87921000-87a00000 ---p 00000000 00:00 0 
87a00000-87a03000 r--s 00007000 08:01 683176     /usr/share/java/maven3-settings-builder-3.3.9.jar
87a03000-87a09000 r--s 0003d000 08:01 422457     /usr/lib/jvm/java-8-openjdk-i386/jre/lib/ext/sunjce_provider.jar
87a09000-87a14000 r--s 00116000 08:01 422453     /usr/lib/jvm/java-8-openjdk-i386/jre/lib/ext/localedata.jar
87a14000-87a2f000 r--s 00394000 08:01 422449     /usr/lib/jvm/java-8-openjdk-i386/jre/lib/ext/cldrdata.jar
87a2f000-87a4a000 r--s 001d6000 08:01 422451     /usr/lib/jvm/java-8-openjdk-i386/jre/lib/ext/nashorn.jar
87a4a000-87a56000 rw-p 00000000 00:00 0 
87a56000-87a57000 ---p 00000000 00:00 0 
87a57000-87ad7000 rw-p 00000000 00:00 0 
87ad7000-87ad8000 ---p 00000000 00:00 0 
87ad8000-87b63000 rw-p 00000000 00:00 0 
87b63000-87c00000 ---p 00000000 00:00 0 
87c00000-89180000 rw-p 00000000 00:00 0 
89180000-9cc00000 ---p 00000000 00:00 0 
9cc00000-a1580000 rw-p 00000000 00:00 0 
a3d00000-a7400000 ---p 00000000 00:00 0 
a7400000-a7402000 r--s 0000a000 08:01 683132     /usr/share/java/plexus-classworlds2-2.5.2.jar
a7402000-a7404000 r--s 00008000 08:01 422448     /usr/lib/jvm/java-8-openjdk-i386/jre/lib/ext/sunec.jar
a7404000-a7408000 r--s 00040000 08:01 422454     /usr/lib/jvm/java-8-openjdk-i386/jre/lib/ext/sunpkcs11.jar
a7408000-a7413000 rw-p 00000000 00:00 0 
a7413000-a74b0000 ---p 00000000 00:00 0 
a74b0000-a74d5000 rw-p 00000000 00:00 0 
a74d5000-a7504000 ---p 00000000 00:00 0 
a7504000-a7522000 rw-p 00000000 00:00 0 
a7522000-a78c5000 ---p 00000000 00:00 0 
a78c5000-a7fd5000 rwxp 00000000 00:00 0 
a7fd5000-b68c5000 ---p 00000000 00:00 0 
b68c5000-b68d0000 r-xp 00000000 08:01 157240     /lib/i386-linux-gnu/libnss_files-2.23.so
b68d0000-b68d1000 r--p 0000a000 08:01 157240     /lib/i386-linux-gnu/libnss_files-2.23.so
b68d1000-b68d2000 rw-p 0000b000 08:01 157240     /lib/i386-linux-gnu/libnss_files-2.23.so
b68d2000-b68d8000 rw-p 00000000 00:00 0 
b68d8000-b68e3000 r-xp 00000000 08:01 157247     /lib/i386-linux-gnu/libnss_nis-2.23.so
b68e3000-b68e4000 r--p 0000a000 08:01 157247     /lib/i386-linux-gnu/libnss_nis-2.23.so
b68e4000-b68e5000 rw-p 0000b000 08:01 157247     /lib/i386-linux-gnu/libnss_nis-2.23.so
b68e5000-b68fc000 r-xp 00000000 08:01 157248     /lib/i386-linux-gnu/libnsl-2.23.so
b68fc000-b68fd000 r--p 00016000 08:01 157248     /lib/i386-linux-gnu/libnsl-2.23.so
b68fd000-b68fe000 rw-p 00017000 08:01 157248     /lib/i386-linux-gnu/libnsl-2.23.so
b68fe000-b6900000 rw-p 00000000 00:00 0 
b6900000-b69fa000 rw-p 00000000 00:00 0 
b69fa000-b6a00000 ---p 00000000 00:00 0 
b6a00000-b6a06000 r--s 000d3000 08:01 422440     /usr/lib/jvm/java-8-openjdk-i386/jre/lib/jfr.jar
b6a06000-b6a0e000 r-xp 00000000 08:01 157250     /lib/i386-linux-gnu/libnss_compat-2.23.so
b6a0e000-b6a0f000 r--p 00007000 08:01 157250     /lib/i386-linux-gnu/libnss_compat-2.23.so
b6a0f000-b6a10000 rw-p 00008000 08:01 157250     /lib/i386-linux-gnu/libnss_compat-2.23.so
b6a10000-b6a13000 r--s 0000f000 08:01 422455     /usr/lib/jvm/java-8-openjdk-i386/jre/lib/ext/icedtea-sound.jar
b6a13000-b6a15000 r--s 00001000 08:01 422456     /usr/lib/jvm/java-8-openjdk-i386/jre/lib/ext/dnsns.jar
b6a15000-b6a1d000 r-xp 00000000 08:01 422472     /usr/lib/jvm/java-8-openjdk-i386/jre/lib/i386/libzip.so
b6a1d000-b6a1e000 r--p 00007000 08:01 422472     /usr/lib/jvm/java-8-openjdk-i386/jre/lib/i386/libzip.so
b6a1e000-b6a1f000 rw-p 00008000 08:01 422472     /usr/lib/jvm/java-8-openjdk-i386/jre/lib/i386/libzip.so
b6a1f000-b6a27000 rw-s 00000000 08:01 941816     /tmp/hsperfdata_user/16741
b6a27000-b6a4c000 r-xp 00000000 08:01 422479     /usr/lib/jvm/java-8-openjdk-i386/jre/lib/i386/libjava.so
b6a4c000-b6a4d000 r--p 00024000 08:01 422479     /usr/lib/jvm/java-8-openjdk-i386/jre/lib/i386/libjava.so
b6a4d000-b6a4e000 rw-p 00025000 08:01 422479     /usr/lib/jvm/java-8-openjdk-i386/jre/lib/i386/libjava.so
b6a4e000-b6a55000 r-xp 00000000 08:01 157239     /lib/i386-linux-gnu/librt-2.23.so
b6a55000-b6a56000 r--p 00006000 08:01 157239     /lib/i386-linux-gnu/librt-2.23.so
b6a56000-b6a57000 rw-p 00007000 08:01 157239     /lib/i386-linux-gnu/librt-2.23.so
b6a57000-b6a5a000 ---p 00000000 00:00 0 
b6a5a000-b6aa8000 rw-p 00000000 00:00 0 
b6aa8000-b6ac4000 r-xp 00000000 08:01 132501     /lib/i386-linux-gnu/libgcc_s.so.1
b6ac4000-b6ac5000 rw-p 0001b000 08:01 132501     /lib/i386-linux-gnu/libgcc_s.so.1
b6ac5000-b6b18000 r-xp 00000000 08:01 157244     /lib/i386-linux-gnu/libm-2.23.so
b6b18000-b6b19000 r--p 00052000 08:01 157244     /lib/i386-linux-gnu/libm-2.23.so
b6b19000-b6b1a000 rw-p 00053000 08:01 157244     /lib/i386-linux-gnu/libm-2.23.so
b6b1a000-b6c87000 r-xp 00000000 08:01 392299     /usr/lib/i386-linux-gnu/libstdc++.so.6.0.21
b6c87000-b6c88000 ---p 0016d000 08:01 392299     /usr/lib/i386-linux-gnu/libstdc++.so.6.0.21
b6c88000-b6c8d000 r--p 0016d000 08:01 392299     /usr/lib/i386-linux-gnu/libstdc++.so.6.0.21
b6c8d000-b6c8e000 rw-p 00172000 08:01 392299     /usr/lib/i386-linux-gnu/libstdc++.so.6.0.21
b6c8e000-b6c91000 rw-p 00000000 00:00 0 
b6c91000-b783e000 r-xp 00000000 08:01 422494     /usr/lib/jvm/java-8-openjdk-i386/jre/lib/i386/server/libjvm.so
b783e000-b7885000 r--p 00bac000 08:01 422494     /usr/lib/jvm/java-8-openjdk-i386/jre/lib/i386/server/libjvm.so
b7885000-b789c000 rw-p 00bf3000 08:01 422494     /usr/lib/jvm/java-8-openjdk-i386/jre/lib/i386/server/libjvm.so
b789c000-b7cbf000 rw-p 00000000 00:00 0 
b7cbf000-b7cd8000 r-xp 00000000 08:01 157232     /lib/i386-linux-gnu/libpthread-2.23.so
b7cd8000-b7cd9000 r--p 00018000 08:01 157232     /lib/i386-linux-gnu/libpthread-2.23.so
b7cd9000-b7cda000 rw-p 00019000 08:01 157232     /lib/i386-linux-gnu/libpthread-2.23.so
b7cda000-b7cdc000 rw-p 00000000 00:00 0 
b7cdc000-b7cdf000 r-xp 00000000 08:01 157237     /lib/i386-linux-gnu/libdl-2.23.so
b7cdf000-b7ce0000 r--p 00002000 08:01 157237     /lib/i386-linux-gnu/libdl-2.23.so
b7ce0000-b7ce1000 rw-p 00003000 08:01 157237     /lib/i386-linux-gnu/libdl-2.23.so
b7ce1000-b7ce2000 rw-p 00000000 00:00 0 
b7ce2000-b7cfb000 r-xp 00000000 08:01 132437     /lib/i386-linux-gnu/libz.so.1.2.8
b7cfb000-b7cfc000 r--p 00018000 08:01 132437     /lib/i386-linux-gnu/libz.so.1.2.8
b7cfc000-b7cfd000 rw-p 00019000 08:01 132437     /lib/i386-linux-gnu/libz.so.1.2.8
b7cfd000-b7ead000 r-xp 00000000 08:01 157249     /lib/i386-linux-gnu/libc-2.23.so
b7ead000-b7eae000 ---p 001b0000 08:01 157249     /lib/i386-linux-gnu/libc-2.23.so
b7eae000-b7eb0000 r--p 001b0000 08:01 157249     /lib/i386-linux-gnu/libc-2.23.so
b7eb0000-b7eb1000 rw-p 001b2000 08:01 157249     /lib/i386-linux-gnu/libc-2.23.so
b7eb1000-b7eb4000 rw-p 00000000 00:00 0 
b7eb4000-b7eb5000 r--s 0000a000 08:01 422452     /usr/lib/jvm/java-8-openjdk-i386/jre/lib/ext/jaccess.jar
b7eb5000-b7eb7000 r--s 00010000 08:01 422450     /usr/lib/jvm/java-8-openjdk-i386/jre/lib/ext/zipfs.jar
b7eb7000-b7eb8000 r--p 002d4000 08:01 391862     /usr/lib/locale/locale-archive
b7eb8000-b7eb9000 r--p 002d8000 08:01 391862     /usr/lib/locale/locale-archive
b7eb9000-b7eba000 rw-p 00000000 00:00 0 
b7eba000-b7ebb000 ---p 00000000 00:00 0 
b7ebb000-b7ec9000 r-xp 00000000 08:01 422477     /usr/lib/jvm/java-8-openjdk-i386/jre/lib/i386/libverify.so
b7ec9000-b7eca000 r--p 0000d000 08:01 422477     /usr/lib/jvm/java-8-openjdk-i386/jre/lib/i386/libverify.so
b7eca000-b7ecb000 rw-p 0000e000 08:01 422477     /usr/lib/jvm/java-8-openjdk-i386/jre/lib/i386/libverify.so
b7ecb000-b7ed8000 r-xp 00000000 08:01 422484     /usr/lib/jvm/java-8-openjdk-i386/jre/lib/i386/jli/libjli.so
b7ed8000-b7ed9000 r--p 0000c000 08:01 422484     /usr/lib/jvm/java-8-openjdk-i386/jre/lib/i386/jli/libjli.so
b7ed9000-b7eda000 rw-p 0000d000 08:01 422484     /usr/lib/jvm/java-8-openjdk-i386/jre/lib/i386/jli/libjli.so
b7eda000-b7edb000 rw-p 00000000 00:00 0 
b7edb000-b7ede000 r--p 00000000 00:00 0          [vvar]
b7ede000-b7ee0000 r-xp 00000000 00:00 0          [vdso]
b7ee0000-b7f03000 r-xp 00000000 08:01 157241     /lib/i386-linux-gnu/ld-2.23.so
b7f03000-b7f04000 r--p 00022000 08:01 157241     /lib/i386-linux-gnu/ld-2.23.so
b7f04000-b7f05000 rw-p 00023000 08:01 157241     /lib/i386-linux-gnu/ld-2.23.so
bfc71000-bfc72000 rwxp 00000000 00:00 0 
bfda3000-bfdc5000 rw-p 00000000 00:00 0          [stack]

VM Arguments:
jvm_args: -Dclassworlds.conf=/usr/share/maven/bin/m2.conf -Dmaven.home=/usr/share/maven -Dmaven.multiModuleProjectDirectory=/media/sf_MTDS-Projects/NoiseSensors/sensors-spark/sensors-spark 
java_command: org.codehaus.plexus.classworlds.launcher.Launcher package
java_class_path (initial): /usr/share/maven/boot/plexus-classworlds-2.x.jar
Launcher Type: SUN_STANDARD

Environment Variables:
JAVA_HOME=/usr/lib/jvm/java-8-openjdk-i386
PATH=/home/user/bin:/home/user/.local/bin:/usr/local/sbin:/usr/local/bin:/usr/sbin:/usr/bin:/sbin:/bin:/usr/games:/usr/local/games:/snap/bin
SHELL=/bin/bash
DISPLAY=:0

Signal Handlers:
SIGSEGV: [libjvm.so+0x994120], sa_mask[0]=11111111011111111101111111111110, sa_flags=SA_RESTART|SA_SIGINFO
SIGBUS: [libjvm.so+0x994120], sa_mask[0]=11111111011111111101111111111110, sa_flags=SA_RESTART|SA_SIGINFO
SIGFPE: [libjvm.so+0x7e6000], sa_mask[0]=11111111011111111101111111111110, sa_flags=SA_RESTART|SA_SIGINFO
SIGPIPE: [libjvm.so+0x7e6000], sa_mask[0]=11111111011111111101111111111110, sa_flags=SA_RESTART|SA_SIGINFO
SIGXFSZ: [libjvm.so+0x7e6000], sa_mask[0]=11111111011111111101111111111110, sa_flags=SA_RESTART|SA_SIGINFO
SIGILL: [libjvm.so+0x7e6000], sa_mask[0]=11111111011111111101111111111110, sa_flags=SA_RESTART|SA_SIGINFO
SIGUSR1: SIG_DFL, sa_mask[0]=00000000000000000000000000000000, sa_flags=none
SIGUSR2: [libjvm.so+0x7e5e40], sa_mask[0]=00000000000000000000000000000000, sa_flags=SA_RESTART|SA_SIGINFO
SIGHUP: [libjvm.so+0x7e66f0], sa_mask[0]=11111111011111111101111111111110, sa_flags=SA_RESTART|SA_SIGINFO
SIGINT: [libjvm.so+0x7e66f0], sa_mask[0]=11111111011111111101111111111110, sa_flags=SA_RESTART|SA_SIGINFO
SIGTERM: [libjvm.so+0x7e66f0], sa_mask[0]=11111111011111111101111111111110, sa_flags=SA_RESTART|SA_SIGINFO
SIGQUIT: [libjvm.so+0x7e66f0], sa_mask[0]=11111111011111111101111111111110, sa_flags=SA_RESTART|SA_SIGINFO


---------------  S Y S T E M  ---------------

OS:DISTRIB_ID=Ubuntu
DISTRIB_RELEASE=16.04
DISTRIB_CODENAME=xenial
DISTRIB_DESCRIPTION="Ubuntu 16.04.5 LTS"

uname:Linux 4.15.0-142-generic #146~16.04.1-Ubuntu SMP Tue Apr 13 09:26:57 UTC 2021 i686
libc:glibc 2.23 NPTL 2.23 
rlimit: STACK 8192k, CORE 0k, NPROC 15681, NOFILE 1048576, AS infinity
load average:5,50 5,70 3,99

/proc/meminfo:
MemTotal:        2060320 kB
MemFree:          114084 kB
MemAvailable:       3612 kB
Buffers:            3860 kB
Cached:            30896 kB
SwapCached:         7000 kB
Active:          1377144 kB
Inactive:         472172 kB
Active(anon):    1363576 kB
Inactive(anon):   451504 kB
Active(file):      13568 kB
Inactive(file):    20668 kB
Unevictable:          48 kB
Mlocked:              48 kB
HighTotal:       1189832 kB
HighFree:          16228 kB
LowTotal:         870488 kB
LowFree:           97856 kB
SwapTotal:        998396 kB
SwapFree:              0 kB
Dirty:               416 kB
Writeback:             0 kB
AnonPages:       1807648 kB
Mapped:            27784 kB
Shmem:               480 kB
Slab:              34160 kB
SReclaimable:      16608 kB
SUnreclaim:        17552 kB
KernelStack:        8080 kB
PageTables:        14460 kB
NFS_Unstable:          0 kB
Bounce:                0 kB
WritebackTmp:          0 kB
CommitLimit:     2028556 kB
Committed_AS:    7548052 kB
VmallocTotal:     122880 kB
VmallocUsed:           0 kB
VmallocChunk:          0 kB
AnonHugePages:         0 kB
ShmemHugePages:        0 kB
ShmemPmdMapped:        0 kB
CmaTotal:              0 kB
CmaFree:               0 kB
HugePages_Total:       0
HugePages_Free:        0
HugePages_Rsvd:        0
HugePages_Surp:        0
Hugepagesize:       2048 kB
DirectMap4k:       10232 kB
DirectMap2M:      897024 kB

container (cgroup) information:
container_type: cgroupv1
cpu_cpuset_cpus: 0-1
cpu_memory_nodes: 0
active_processor_count: 2
cpu_quota: -1
cpu_period: 100000
cpu_shares: -1
memory_limit_in_bytes: -1
memory_and_swap_limit_in_bytes: -2
memory_soft_limit_in_bytes: -1
memory_usage_in_bytes: 1892790272
memory_max_usage_in_bytes: 0


CPU:total 2 (initial active 2) (2 cores per cpu, 1 threads per core) family 6 model 142 stepping 12, cmov, cx8, fxsr, mmx, sse, sse2, sse3, ssse3, sse4.1, sse4.2, tsc, tscinvbit

/proc/cpuinfo:
processor	: 0
vendor_id	: GenuineIntel
cpu family	: 6
model		: 142
model name	: Intel(R) Core(TM) i5-8265U CPU @ 1.60GHz
stepping	: 12
microcode	: 0xffffffff
cpu MHz		: 1800.005
cache size	: 6144 KB
physical id	: 0
siblings	: 2
core id		: 0
cpu cores	: 2
apicid		: 0
initial apicid	: 0
fdiv_bug	: no
f00f_bug	: no
coma_bug	: no
fpu		: yes
fpu_exception	: yes
cpuid level	: 22
wp		: yes
flags		: fpu vme de pse tsc msr pae mce cx8 apic sep mtrr pge mca cmov pat pse36 clflush mmx fxsr sse sse2 ht nx rdtscp constant_tsc xtopology nonstop_tsc cpuid tsc_known_freq pni ssse3 cx16 sse4_1 sse4_2 hypervisor lahf_lm ibrs_enhanced fsgsbase invpcid md_clear flush_l1d arch_capabilities
bugs		: spectre_v1 spectre_v2 spec_store_bypass swapgs
bogomips	: 3600.01
clflush size	: 64
cache_alignment	: 64
address sizes	: 39 bits physical, 48 bits virtual
power management:

processor	: 1
vendor_id	: GenuineIntel
cpu family	: 6
model		: 142
model name	: Intel(R) Core(TM) i5-8265U CPU @ 1.60GHz
stepping	: 12
microcode	: 0xffffffff
cpu MHz		: 1800.005
cache size	: 6144 KB
physical id	: 0
siblings	: 2
core id		: 1
cpu cores	: 2
apicid		: 1
initial apicid	: 1
fdiv_bug	: no
f00f_bug	: no
coma_bug	: no
fpu		: yes
fpu_exception	: yes
cpuid level	: 22
wp		: yes
flags		: fpu vme de pse tsc msr pae mce cx8 apic sep mtrr pge mca cmov pat pse36 clflush mmx fxsr sse sse2 ht nx rdtscp constant_tsc xtopology nonstop_tsc cpuid tsc_known_freq pni ssse3 cx16 sse4_1 sse4_2 hypervisor lahf_lm ibrs_enhanced fsgsbase invpcid md_clear flush_l1d arch_capabilities
bugs		: spectre_v1 spectre_v2 spec_store_bypass swapgs
bogomips	: 3600.01
clflush size	: 64
cache_alignment	: 64
address sizes	: 39 bits physical, 48 bits virtual
power management:



Memory: 4k page, physical 2060320k(112856k free), swap 998396k(0k free)

vm_info: OpenJDK Server VM (25.292-b10) for linux-x86 JRE (1.8.0_292-8u292-b10-0ubuntu1~16.04.1-b10), built on Apr 21 2021 12:51:38 by "buildd" with gcc 5.4.0 20160609

time: Wed Mar  9 21:13:34 2022
timezone: CET
elapsed time: 10.473572 seconds (0d 0h 0m 10s)

